<?xml version="1.0" encoding="UTF-8"?>
<testng-results skipped="0" failed="1" ignored="3" total="13" passed="9">
  <reporter-output>
  </reporter-output>
  <suite name="Loan Department" duration-ms="111" started-at="2018-09-17T05:10:51Z" finished-at="2018-09-17T05:10:51Z">
    <groups>
      <group name="Smoke">
        <method signature="day2.ploan()[pri:0, instance:test.day2@4f933fd1]" name="ploan" class="test.day2"/>
        <method signature="day4.MobileLoginHomeLoan()[pri:0, instance:test.day4@1753acfe]" name="MobileLoginHomeLoan" class="test.day4"/>
        <method signature="day3.MobileLogincarLoan()[pri:0, instance:test.day3@27efef64]" name="MobileLogincarLoan" class="test.day3"/>
      </group> <!-- Smoke -->
    </groups>
    <test name="Car Loan" duration-ms="78" started-at="2018-09-17T05:10:51Z" finished-at="2018-09-17T05:10:51Z">
      <class name="test.day3">
        <test-method status="PASS" signature="Bfsuite()[pri:0, instance:test.day3@27efef64]" name="Bfsuite" is-config="true" duration-ms="20" started-at="2018-09-17T05:10:51Z" finished-at="2018-09-17T05:10:51Z">
          <reporter-output>
          </reporter-output>
        </test-method> <!-- Bfsuite -->
        <test-method status="PASS" signature="befoclas()[pri:0, instance:test.day3@27efef64]" name="befoclas" is-config="true" duration-ms="0" started-at="2018-09-17T05:10:51Z" finished-at="2018-09-17T05:10:51Z">
          <reporter-output>
          </reporter-output>
        </test-method> <!-- befoclas -->
        <test-method status="PASS" signature="beforeevery()[pri:0, instance:test.day3@27efef64]" name="beforeevery" is-config="true" duration-ms="0" started-at="2018-09-17T05:10:51Z" finished-at="2018-09-17T05:10:51Z">
          <reporter-output>
          </reporter-output>
        </test-method> <!-- beforeevery -->
        <test-method status="PASS" signature="MobileLogincarLoan()[pri:0, instance:test.day3@27efef64]" name="MobileLogincarLoan" duration-ms="2" started-at="2018-09-17T05:10:51Z" finished-at="2018-09-17T05:10:51Z">
          <reporter-output>
          </reporter-output>
        </test-method> <!-- MobileLogincarLoan -->
        <test-method status="PASS" signature="afterevery()[pri:0, instance:test.day3@27efef64]" name="afterevery" is-config="true" duration-ms="0" started-at="2018-09-17T05:10:51Z" finished-at="2018-09-17T05:10:51Z">
          <reporter-output>
          </reporter-output>
        </test-method> <!-- afterevery -->
        <test-method status="PASS" signature="beforeevery()[pri:0, instance:test.day3@27efef64]" name="beforeevery" is-config="true" duration-ms="0" started-at="2018-09-17T05:10:51Z" finished-at="2018-09-17T05:10:51Z">
          <reporter-output>
          </reporter-output>
        </test-method> <!-- beforeevery -->
        <test-method status="PASS" signature="MobilesignoutcarLoan(java.lang.String, java.lang.String)[pri:0, instance:test.day3@27efef64]" name="MobilesignoutcarLoan" duration-ms="1" started-at="2018-09-17T05:10:51Z" data-provider="getData" finished-at="2018-09-17T05:10:51Z">
          <params>
            <param index="0">
              <value>
                <![CDATA[firstsetusername]]>
              </value>
            </param>
            <param index="1">
              <value>
                <![CDATA[firstpassword]]>
              </value>
            </param>
          </params>
          <reporter-output>
          </reporter-output>
        </test-method> <!-- MobilesignoutcarLoan -->
        <test-method status="PASS" signature="afterevery()[pri:0, instance:test.day3@27efef64]" name="afterevery" is-config="true" duration-ms="4" started-at="2018-09-17T05:10:51Z" finished-at="2018-09-17T05:10:51Z">
          <reporter-output>
          </reporter-output>
        </test-method> <!-- afterevery -->
        <test-method status="PASS" signature="beforeevery()[pri:0, instance:test.day3@27efef64]" name="beforeevery" is-config="true" duration-ms="1" started-at="2018-09-17T05:10:51Z" finished-at="2018-09-17T05:10:51Z">
          <reporter-output>
          </reporter-output>
        </test-method> <!-- beforeevery -->
        <test-method status="PASS" signature="MobilesignoutcarLoan(java.lang.String, java.lang.String)[pri:0, instance:test.day3@27efef64]" name="MobilesignoutcarLoan" duration-ms="0" started-at="2018-09-17T05:10:51Z" data-provider="getData" finished-at="2018-09-17T05:10:51Z">
          <params>
            <param index="0">
              <value>
                <![CDATA[secondsetusername]]>
              </value>
            </param>
            <param index="1">
              <value>
                <![CDATA[secondpassword]]>
              </value>
            </param>
          </params>
          <reporter-output>
          </reporter-output>
        </test-method> <!-- MobilesignoutcarLoan -->
        <test-method status="PASS" signature="beforeevery()[pri:0, instance:test.day3@27efef64]" name="beforeevery" is-config="true" duration-ms="0" started-at="2018-09-17T05:10:51Z" finished-at="2018-09-17T05:10:51Z">
          <reporter-output>
          </reporter-output>
        </test-method> <!-- beforeevery -->
        <test-method status="PASS" signature="afterevery()[pri:0, instance:test.day3@27efef64]" name="afterevery" is-config="true" duration-ms="0" started-at="2018-09-17T05:10:51Z" finished-at="2018-09-17T05:10:51Z">
          <reporter-output>
          </reporter-output>
        </test-method> <!-- afterevery -->
        <test-method status="PASS" signature="MobilesignoutcarLoan(java.lang.String, java.lang.String)[pri:0, instance:test.day3@27efef64]" name="MobilesignoutcarLoan" duration-ms="0" started-at="2018-09-17T05:10:51Z" data-provider="getData" finished-at="2018-09-17T05:10:51Z">
          <params>
            <param index="0">
              <value>
                <![CDATA[thirdsetusername]]>
              </value>
            </param>
            <param index="1">
              <value>
                <![CDATA[thirdpassword]]>
              </value>
            </param>
          </params>
          <reporter-output>
          </reporter-output>
        </test-method> <!-- MobilesignoutcarLoan -->
        <test-method status="PASS" signature="afterevery()[pri:0, instance:test.day3@27efef64]" name="afterevery" is-config="true" duration-ms="0" started-at="2018-09-17T05:10:51Z" finished-at="2018-09-17T05:10:51Z">
          <reporter-output>
          </reporter-output>
        </test-method> <!-- afterevery -->
        <test-method status="PASS" signature="WebloginCarLoan(java.lang.String, java.lang.String)[pri:0, instance:test.day3@27efef64]" name="WebloginCarLoan" duration-ms="1" started-at="2018-09-17T05:10:51Z" finished-at="2018-09-17T05:10:51Z">
          <params>
            <param index="0">
              <value>
                <![CDATA[carloan.com]]>
              </value>
            </param>
            <param index="1">
              <value>
                <![CDATA[123456]]>
              </value>
            </param>
          </params>
          <reporter-output>
          </reporter-output>
        </test-method> <!-- WebloginCarLoan -->
        <test-method status="PASS" signature="beforeevery()[pri:0, instance:test.day3@27efef64]" name="beforeevery" is-config="true" duration-ms="0" started-at="2018-09-17T05:10:51Z" finished-at="2018-09-17T05:10:51Z">
          <reporter-output>
          </reporter-output>
        </test-method> <!-- beforeevery -->
        <test-method status="PASS" signature="afteclas()[pri:0, instance:test.day3@27efef64]" name="afteclas" is-config="true" duration-ms="0" started-at="2018-09-17T05:10:51Z" finished-at="2018-09-17T05:10:51Z">
          <reporter-output>
          </reporter-output>
        </test-method> <!-- afteclas -->
        <test-method status="PASS" signature="afterevery()[pri:0, instance:test.day3@27efef64]" name="afterevery" is-config="true" duration-ms="0" started-at="2018-09-17T05:10:51Z" finished-at="2018-09-17T05:10:51Z">
          <reporter-output>
          </reporter-output>
        </test-method> <!-- afterevery -->
      </class> <!-- test.day3 -->
      <class name="test.day1">
        <test-method status="PASS" signature="afSyite()[pri:0, instance:test.day1@548a9f61]" name="afSyite" is-config="true" duration-ms="1" started-at="2018-09-17T05:10:52Z" finished-at="2018-09-17T05:10:52Z">
          <reporter-output>
          </reporter-output>
        </test-method> <!-- afSyite -->
      </class> <!-- test.day1 -->
    </test> <!-- Car Loan -->
    <test name="Personal loan" duration-ms="111" started-at="2018-09-17T05:10:51Z" finished-at="2018-09-17T05:10:51Z">
      <class name="test.day4">
        <test-method status="PASS" signature="LoginAPIHomeLoan()[pri:0, instance:test.day4@1753acfe]" name="LoginAPIHomeLoan" duration-ms="12" started-at="2018-09-17T05:10:51Z" finished-at="2018-09-17T05:10:51Z">
          <reporter-output>
          </reporter-output>
        </test-method> <!-- LoginAPIHomeLoan -->
        <test-method status="PASS" signature="MobileLoginHomeLoan()[pri:0, instance:test.day4@1753acfe]" name="MobileLoginHomeLoan" duration-ms="0" started-at="2018-09-17T05:10:51Z" finished-at="2018-09-17T05:10:51Z">
          <reporter-output>
          </reporter-output>
        </test-method> <!-- MobileLoginHomeLoan -->
        <test-method status="PASS" signature="WebloginHomeLoan(java.lang.String)[pri:0, instance:test.day4@1753acfe]" name="WebloginHomeLoan" duration-ms="2" started-at="2018-09-17T05:10:51Z" finished-at="2018-09-17T05:10:51Z">
          <params>
            <param index="0">
              <value>
                <![CDATA[personalloan.com]]>
              </value>
            </param>
          </params>
          <reporter-output>
          </reporter-output>
        </test-method> <!-- WebloginHomeLoan -->
      </class> <!-- test.day4 -->
      <class name="test.day2">
        <test-method status="PASS" signature="prerequiste()[pri:0, instance:test.day2@4f933fd1]" name="prerequiste" is-config="true" duration-ms="0" started-at="2018-09-17T05:10:51Z" finished-at="2018-09-17T05:10:51Z">
          <reporter-output>
          </reporter-output>
        </test-method> <!-- prerequiste -->
        <test-method status="PASS" signature="ploan()[pri:0, instance:test.day2@4f933fd1]" name="ploan" duration-ms="4" started-at="2018-09-17T05:10:51Z" finished-at="2018-09-17T05:10:51Z">
          <reporter-output>
          </reporter-output>
        </test-method> <!-- ploan -->
      </class> <!-- test.day2 -->
      <class name="test.day1">
        <test-method status="FAIL" signature="Demo()[pri:0, instance:test.day1@548a9f61]" name="Demo" duration-ms="23" started-at="2018-09-17T05:10:51Z" finished-at="2018-09-17T05:10:51Z">
          <exception class="java.lang.AssertionError">
            <message>
              <![CDATA[expected [true] but found [false]]]>
            </message>
            <full-stacktrace>
              <![CDATA[java.lang.AssertionError: expected [true] but found [false]
at org.testng.Assert.fail(Assert.java:96)
at org.testng.Assert.failNotEquals(Assert.java:776)
at org.testng.Assert.assertTrue(Assert.java:44)
at org.testng.Assert.assertTrue(Assert.java:54)
at test.day1.Demo(day1.java:22)
at sun.reflect.NativeMethodAccessorImpl.invoke0(Native Method)
at sun.reflect.NativeMethodAccessorImpl.invoke(Unknown Source)
at sun.reflect.DelegatingMethodAccessorImpl.invoke(Unknown Source)
at java.lang.reflect.Method.invoke(Unknown Source)
at org.testng.internal.MethodInvocationHelper.invokeMethod(MethodInvocationHelper.java:124)
at org.testng.internal.Invoker.invokeMethod(Invoker.java:580)
at org.testng.internal.Invoker.invokeTestMethod(Invoker.java:716)
at org.testng.internal.Invoker.invokeTestMethods(Invoker.java:988)
at org.testng.internal.TestMethodWorker.invokeTestMethods(TestMethodWorker.java:125)
at org.testng.internal.TestMethodWorker.run(TestMethodWorker.java:109)
at org.testng.TestRunner.privateRun(TestRunner.java:648)
at org.testng.TestRunner.run(TestRunner.java:505)
at org.testng.SuiteRunner.runTest(SuiteRunner.java:455)
at org.testng.SuiteRunner.access$000(SuiteRunner.java:40)
at org.testng.SuiteRunner$SuiteWorker.run(SuiteRunner.java:489)
at org.testng.internal.thread.ThreadUtil$1.call(ThreadUtil.java:52)
at java.util.concurrent.FutureTask.run(Unknown Source)
at java.util.concurrent.ThreadPoolExecutor.runWorker(Unknown Source)
at java.util.concurrent.ThreadPoolExecutor$Worker.run(Unknown Source)
at java.lang.Thread.run(Unknown Source)
]]>
            </full-stacktrace>
          </exception> <!-- java.lang.AssertionError -->
          <reporter-output>
          </reporter-output>
        </test-method> <!-- Demo -->
        <test-method status="PASS" signature="lastexecution()[pri:0, instance:test.day1@548a9f61]" name="lastexecution" is-config="true" duration-ms="1" started-at="2018-09-17T05:10:51Z" finished-at="2018-09-17T05:10:51Z">
          <reporter-output>
          </reporter-output>
        </test-method> <!-- lastexecution -->
      </class> <!-- test.day1 -->
    </test> <!-- Personal loan -->
  </suite> <!-- Loan Department -->
</testng-results>
